<?xml version="1.0" encoding="UTF-8"?>
<coverage generated="1548927980262" clover="3.2.0">
  <project timestamp="1548927980263" name="All files">
    <metrics statements="15" coveredstatements="15" conditionals="5" coveredconditionals="5" methods="7" coveredmethods="7" elements="27" coveredelements="27" complexity="0" loc="15" ncloc="15" packages="2" files="5" classes="5"/>
    <package name="jest">
      <metrics statements="1" coveredstatements="1" conditionals="0" coveredconditionals="0" methods="0" coveredmethods="0"/>
      <file name="setup.js" path="/Users/t.vandam/Projects/playground/donderdev-unittesting/jest/setup.js">
        <metrics statements="1" coveredstatements="1" conditionals="0" coveredconditionals="0" methods="0" coveredmethods="0"/>
        <line num="4" count="4" type="stmt"/>
      </file>
    </package>
    <package name="source">
      <metrics statements="14" coveredstatements="14" conditionals="5" coveredconditionals="5" methods="7" coveredmethods="7"/>
      <file name="add.js" path="/Users/t.vandam/Projects/playground/donderdev-unittesting/source/add.js">
        <metrics statements="4" coveredstatements="4" conditionals="4" coveredconditionals="4" methods="1" coveredmethods="1"/>
        <line num="1" count="1" type="stmt"/>
        <line num="2" count="5" type="cond" truecount="4" falsecount="0"/>
        <line num="3" count="2" type="stmt"/>
        <line num="5" count="3" type="stmt"/>
      </file>
      <file name="button.js" path="/Users/t.vandam/Projects/playground/donderdev-unittesting/source/button.js">
        <metrics statements="6" coveredstatements="6" conditionals="0" coveredconditionals="0" methods="3" coveredmethods="3"/>
        <line num="5" count="4" type="stmt"/>
        <line num="6" count="4" type="stmt"/>
        <line num="9" count="4" type="stmt"/>
        <line num="13" count="2" type="stmt"/>
        <line num="16" count="2" type="stmt"/>
        <line num="20" count="6" type="stmt"/>
      </file>
      <file name="memoize.js" path="/Users/t.vandam/Projects/playground/donderdev-unittesting/source/memoize.js">
        <metrics statements="3" coveredstatements="3" conditionals="0" coveredconditionals="0" methods="2" coveredmethods="2"/>
        <line num="1" count="1" type="stmt"/>
        <line num="2" count="3" type="stmt"/>
        <line num="3" count="3" type="stmt"/>
      </file>
      <file name="todo.js" path="/Users/t.vandam/Projects/playground/donderdev-unittesting/source/todo.js">
        <metrics statements="1" coveredstatements="1" conditionals="1" coveredconditionals="1" methods="1" coveredmethods="1"/>
        <line num="4" count="4" type="stmt"/>
      </file>
    </package>
  </project>
</coverage>
