TN:
SF:/Users/t.vandam/Projects/playground/donderdev-unittesting/jest/setup.js
FNF:0
FNH:0
DA:4,4
LF:1
LH:1
BRF:0
BRH:0
end_of_record
TN:
SF:/Users/t.vandam/Projects/playground/donderdev-unittesting/source/add.js
FN:1,(anonymous_0)
FNF:1
FNH:1
FNDA:5,(anonymous_0)
DA:1,1
DA:2,5
DA:3,2
DA:5,3
LF:4
LH:4
BRDA:2,0,0,2
BRDA:2,0,1,3
BRDA:2,1,0,5
BRDA:2,1,1,4
BRF:4
BRH:4
end_of_record
TN:
SF:/Users/t.vandam/Projects/playground/donderdev-unittesting/source/button.js
FN:4,(anonymous_0)
FN:12,(anonymous_1)
FN:19,(anonymous_2)
FNF:3
FNH:3
FNDA:4,(anonymous_0)
FNDA:2,(anonymous_1)
FNDA:6,(anonymous_2)
DA:5,4
DA:6,4
DA:9,4
DA:13,2
DA:16,2
DA:20,6
LF:6
LH:6
BRF:0
BRH:0
end_of_record
TN:
SF:/Users/t.vandam/Projects/playground/donderdev-unittesting/source/memoize.js
FN:1,(anonymous_0)
FN:2,(anonymous_1)
FNF:2
FNH:2
FNDA:3,(anonymous_0)
FNDA:3,(anonymous_1)
DA:1,1
DA:2,3
DA:3,3
LF:3
LH:3
BRF:0
BRH:0
end_of_record
TN:
SF:/Users/t.vandam/Projects/playground/donderdev-unittesting/source/todo.js
FN:3,createTodo
FNF:1
FNH:1
FNDA:4,createTodo
DA:4,4
LF:1
LH:1
BRDA:3,0,0,1
BRF:1
BRH:1
end_of_record
